  [1m[35m (0.3ms)[0m  [1m[34mSELECT sqlite_version(*)[0m
  ↳ /home/javier/.rvm/gems/ruby-2.5.1/bin/rake:23
  [1m[35m (18.0ms)[0m  [1m[35mCREATE TABLE "schema_migrations" ("version" varchar NOT NULL PRIMARY KEY)[0m
  ↳ /home/javier/.rvm/gems/ruby-2.5.1/bin/rake:23
  [1m[35m (9.6ms)[0m  [1m[35mCREATE TABLE "ar_internal_metadata" ("key" varchar NOT NULL PRIMARY KEY, "value" varchar, "created_at" datetime NOT NULL, "updated_at" datetime NOT NULL)[0m
  ↳ /home/javier/.rvm/gems/ruby-2.5.1/bin/rake:23
  [1m[35m (0.5ms)[0m  [1m[34mSELECT "schema_migrations"."version" FROM "schema_migrations" ORDER BY "schema_migrations"."version" ASC[0m
  ↳ /home/javier/.rvm/gems/ruby-2.5.1/bin/rake:23
Migrating to CreateUsers (20190329134320)
  [1m[35m (0.1ms)[0m  [1m[36mbegin transaction[0m
  ↳ /home/javier/.rvm/gems/ruby-2.5.1/bin/rake:23
  [1m[35m (1.0ms)[0m  [1m[35mCREATE TABLE "users" ("id" integer PRIMARY KEY AUTOINCREMENT NOT NULL, "name" varchar, "lastname" varchar, "email" varchar, "password" varchar, "address" varchar, "phone" integer, "created_at" datetime NOT NULL, "updated_at" datetime NOT NULL)[0m
  ↳ db/migrate/20190329134320_create_users.rb:3
  [1m[36mActiveRecord::SchemaMigration Create (0.5ms)[0m  [1m[32mINSERT INTO "schema_migrations" ("version") VALUES (?)[0m  [["version", "20190329134320"]]
  ↳ /home/javier/.rvm/gems/ruby-2.5.1/bin/rake:23
  [1m[35m (7.0ms)[0m  [1m[36mcommit transaction[0m
  ↳ /home/javier/.rvm/gems/ruby-2.5.1/bin/rake:23
Migrating to CreateEventVenues (20190329134334)
  [1m[35m (0.2ms)[0m  [1m[36mbegin transaction[0m
  ↳ /home/javier/.rvm/gems/ruby-2.5.1/bin/rake:23
  [1m[35m (0.8ms)[0m  [1m[35mCREATE TABLE "event_venues" ("id" integer PRIMARY KEY AUTOINCREMENT NOT NULL, "name" varchar, "address" varchar, "capacity" integer, "created_at" datetime NOT NULL, "updated_at" datetime NOT NULL)[0m
  ↳ db/migrate/20190329134334_create_event_venues.rb:3
  [1m[36mActiveRecord::SchemaMigration Create (0.4ms)[0m  [1m[32mINSERT INTO "schema_migrations" ("version") VALUES (?)[0m  [["version", "20190329134334"]]
  ↳ /home/javier/.rvm/gems/ruby-2.5.1/bin/rake:23
  [1m[35m (11.4ms)[0m  [1m[36mcommit transaction[0m
  ↳ /home/javier/.rvm/gems/ruby-2.5.1/bin/rake:23
Migrating to CreateEvents (20190329134423)
  [1m[35m (0.2ms)[0m  [1m[36mbegin transaction[0m
  ↳ /home/javier/.rvm/gems/ruby-2.5.1/bin/rake:23
  [1m[35m (0.8ms)[0m  [1m[35mCREATE TABLE "events" ("id" integer PRIMARY KEY AUTOINCREMENT NOT NULL, "name" varchar, "description" varchar, "start_date" date, "event_venue_id" integer, "created_at" datetime NOT NULL, "updated_at" datetime NOT NULL, CONSTRAINT "fk_rails_07a8e73ad7"
FOREIGN KEY ("event_venue_id")
  REFERENCES "event_venues" ("id")
)[0m
  ↳ db/migrate/20190329134423_create_events.rb:3
  [1m[35m (0.5ms)[0m  [1m[35mCREATE  INDEX "index_events_on_event_venue_id" ON "events" ("event_venue_id")[0m
  ↳ db/migrate/20190329134423_create_events.rb:3
  [1m[36mActiveRecord::SchemaMigration Create (0.5ms)[0m  [1m[32mINSERT INTO "schema_migrations" ("version") VALUES (?)[0m  [["version", "20190329134423"]]
  ↳ /home/javier/.rvm/gems/ruby-2.5.1/bin/rake:23
  [1m[35m (10.1ms)[0m  [1m[36mcommit transaction[0m
  ↳ /home/javier/.rvm/gems/ruby-2.5.1/bin/rake:23
Migrating to CreateTicketZones (20190329134615)
  [1m[35m (0.1ms)[0m  [1m[36mbegin transaction[0m
  ↳ /home/javier/.rvm/gems/ruby-2.5.1/bin/rake:23
  [1m[35m (1.0ms)[0m  [1m[35mCREATE TABLE "ticket_zones" ("id" integer PRIMARY KEY AUTOINCREMENT NOT NULL, "zone" varchar, "created_at" datetime NOT NULL, "updated_at" datetime NOT NULL)[0m
  ↳ db/migrate/20190329134615_create_ticket_zones.rb:3
  [1m[36mActiveRecord::SchemaMigration Create (0.5ms)[0m  [1m[32mINSERT INTO "schema_migrations" ("version") VALUES (?)[0m  [["version", "20190329134615"]]
  ↳ /home/javier/.rvm/gems/ruby-2.5.1/bin/rake:23
  [1m[35m (6.8ms)[0m  [1m[36mcommit transaction[0m
  ↳ /home/javier/.rvm/gems/ruby-2.5.1/bin/rake:23
Migrating to CreateTicketTypes (20190329134642)
  [1m[35m (0.2ms)[0m  [1m[36mbegin transaction[0m
  ↳ /home/javier/.rvm/gems/ruby-2.5.1/bin/rake:23
  [1m[35m (1.2ms)[0m  [1m[35mCREATE TABLE "ticket_types" ("id" integer PRIMARY KEY AUTOINCREMENT NOT NULL, "event_id" integer, "price" integer, "ticket_zone_id" integer, "created_at" datetime NOT NULL, "updated_at" datetime NOT NULL, CONSTRAINT "fk_rails_3f5bd3dab9"
FOREIGN KEY ("event_id")
  REFERENCES "events" ("id")
, CONSTRAINT "fk_rails_0920abe530"
FOREIGN KEY ("ticket_zone_id")
  REFERENCES "ticket_zones" ("id")
)[0m
  ↳ db/migrate/20190329134642_create_ticket_types.rb:3
  [1m[35m (0.6ms)[0m  [1m[35mCREATE  INDEX "index_ticket_types_on_event_id" ON "ticket_types" ("event_id")[0m
  ↳ db/migrate/20190329134642_create_ticket_types.rb:3
  [1m[35m (0.4ms)[0m  [1m[35mCREATE  INDEX "index_ticket_types_on_ticket_zone_id" ON "ticket_types" ("ticket_zone_id")[0m
  ↳ db/migrate/20190329134642_create_ticket_types.rb:3
  [1m[36mActiveRecord::SchemaMigration Create (0.4ms)[0m  [1m[32mINSERT INTO "schema_migrations" ("version") VALUES (?)[0m  [["version", "20190329134642"]]
  ↳ /home/javier/.rvm/gems/ruby-2.5.1/bin/rake:23
  [1m[35m (5.7ms)[0m  [1m[36mcommit transaction[0m
  ↳ /home/javier/.rvm/gems/ruby-2.5.1/bin/rake:23
Migrating to CreateOrders (20190329134721)
  [1m[35m (0.2ms)[0m  [1m[36mbegin transaction[0m
  ↳ /home/javier/.rvm/gems/ruby-2.5.1/bin/rake:23
  [1m[35m (0.7ms)[0m  [1m[35mCREATE TABLE "orders" ("id" integer PRIMARY KEY AUTOINCREMENT NOT NULL, "user_id" integer, "created_at" datetime NOT NULL, "updated_at" datetime NOT NULL, CONSTRAINT "fk_rails_f868b47f6a"
FOREIGN KEY ("user_id")
  REFERENCES "users" ("id")
)[0m
  ↳ db/migrate/20190329134721_create_orders.rb:3
  [1m[35m (0.4ms)[0m  [1m[35mCREATE  INDEX "index_orders_on_user_id" ON "orders" ("user_id")[0m
  ↳ db/migrate/20190329134721_create_orders.rb:3
  [1m[36mActiveRecord::SchemaMigration Create (0.4ms)[0m  [1m[32mINSERT INTO "schema_migrations" ("version") VALUES (?)[0m  [["version", "20190329134721"]]
  ↳ /home/javier/.rvm/gems/ruby-2.5.1/bin/rake:23
  [1m[35m (5.2ms)[0m  [1m[36mcommit transaction[0m
  ↳ /home/javier/.rvm/gems/ruby-2.5.1/bin/rake:23
Migrating to CreateTickets (20190329134851)
  [1m[35m (0.1ms)[0m  [1m[36mbegin transaction[0m
  ↳ /home/javier/.rvm/gems/ruby-2.5.1/bin/rake:23
  [1m[35m (0.8ms)[0m  [1m[35mCREATE TABLE "tickets" ("id" integer PRIMARY KEY AUTOINCREMENT NOT NULL, "ticket_type_id" integer, "order_id" integer, "created_at" datetime NOT NULL, "updated_at" datetime NOT NULL, CONSTRAINT "fk_rails_89217f3a4e"
FOREIGN KEY ("ticket_type_id")
  REFERENCES "ticket_types" ("id")
, CONSTRAINT "fk_rails_c6410ba81d"
FOREIGN KEY ("order_id")
  REFERENCES "orders" ("id")
)[0m
  ↳ db/migrate/20190329134851_create_tickets.rb:3
  [1m[35m (0.4ms)[0m  [1m[35mCREATE  INDEX "index_tickets_on_ticket_type_id" ON "tickets" ("ticket_type_id")[0m
  ↳ db/migrate/20190329134851_create_tickets.rb:3
  [1m[35m (0.5ms)[0m  [1m[35mCREATE  INDEX "index_tickets_on_order_id" ON "tickets" ("order_id")[0m
  ↳ db/migrate/20190329134851_create_tickets.rb:3
  [1m[36mActiveRecord::SchemaMigration Create (0.4ms)[0m  [1m[32mINSERT INTO "schema_migrations" ("version") VALUES (?)[0m  [["version", "20190329134851"]]
  ↳ /home/javier/.rvm/gems/ruby-2.5.1/bin/rake:23
  [1m[35m (5.3ms)[0m  [1m[36mcommit transaction[0m
  ↳ /home/javier/.rvm/gems/ruby-2.5.1/bin/rake:23
  [1m[36mActiveRecord::InternalMetadata Load (0.5ms)[0m  [1m[34mSELECT  "ar_internal_metadata".* FROM "ar_internal_metadata" WHERE "ar_internal_metadata"."key" = ? LIMIT ?[0m  [["key", "environment"], ["LIMIT", 1]]
  ↳ /home/javier/.rvm/gems/ruby-2.5.1/bin/rake:23
  [1m[35m (0.1ms)[0m  [1m[36mbegin transaction[0m
  ↳ /home/javier/.rvm/gems/ruby-2.5.1/bin/rake:23
  [1m[36mActiveRecord::InternalMetadata Create (0.7ms)[0m  [1m[32mINSERT INTO "ar_internal_metadata" ("key", "value", "created_at", "updated_at") VALUES (?, ?, ?, ?)[0m  [["key", "environment"], ["value", "development"], ["created_at", "2019-04-03 22:27:45.267807"], ["updated_at", "2019-04-03 22:27:45.267807"]]
  ↳ /home/javier/.rvm/gems/ruby-2.5.1/bin/rake:23
  [1m[35m (5.9ms)[0m  [1m[36mcommit transaction[0m
  ↳ /home/javier/.rvm/gems/ruby-2.5.1/bin/rake:23
  [1m[35m (0.3ms)[0m  [1m[34mSELECT "schema_migrations"."version" FROM "schema_migrations" ORDER BY "schema_migrations"."version" ASC[0m
  ↳ /home/javier/.rvm/gems/ruby-2.5.1/bin/rake:23
  [1m[35m (0.4ms)[0m  [1m[34mSELECT "schema_migrations"."version" FROM "schema_migrations" ORDER BY "schema_migrations"."version" ASC[0m
  ↳ /home/javier/.rvm/gems/ruby-2.5.1/bin/rake:23
  [1m[36mActiveRecord::InternalMetadata Load (0.9ms)[0m  [1m[34mSELECT  "ar_internal_metadata".* FROM "ar_internal_metadata" WHERE "ar_internal_metadata"."key" = ? LIMIT ?[0m  [["key", "environment"], ["LIMIT", 1]]
  ↳ /home/javier/.rvm/gems/ruby-2.5.1/bin/rake:23
  [1m[35m (0.2ms)[0m  [1m[36mbegin transaction[0m
  ↳ /home/javier/.rvm/gems/ruby-2.5.1/bin/rake:23
  [1m[35m (0.2ms)[0m  [1m[36mcommit transaction[0m
  ↳ /home/javier/.rvm/gems/ruby-2.5.1/bin/rake:23
  [1m[35m (0.5ms)[0m  [1m[34mSELECT "schema_migrations"."version" FROM "schema_migrations" ORDER BY "schema_migrations"."version" ASC[0m
  ↳ /home/javier/.rvm/gems/ruby-2.5.1/bin/rake:23
  [1m[35m (0.4ms)[0m  [1m[34mSELECT "schema_migrations"."version" FROM "schema_migrations" ORDER BY "schema_migrations"."version" ASC[0m
  ↳ /home/javier/.rvm/gems/ruby-2.5.1/bin/rake:23
  [1m[36mActiveRecord::InternalMetadata Load (0.8ms)[0m  [1m[34mSELECT  "ar_internal_metadata".* FROM "ar_internal_metadata" WHERE "ar_internal_metadata"."key" = ? LIMIT ?[0m  [["key", "environment"], ["LIMIT", 1]]
  ↳ /home/javier/.rvm/gems/ruby-2.5.1/bin/rake:23
  [1m[35m (0.1ms)[0m  [1m[36mbegin transaction[0m
  ↳ /home/javier/.rvm/gems/ruby-2.5.1/bin/rake:23
  [1m[35m (0.1ms)[0m  [1m[36mcommit transaction[0m
  ↳ /home/javier/.rvm/gems/ruby-2.5.1/bin/rake:23
  [1m[35m (0.4ms)[0m  [1m[34mSELECT "schema_migrations"."version" FROM "schema_migrations" ORDER BY "schema_migrations"."version" ASC[0m
  ↳ /home/javier/.rvm/gems/ruby-2.5.1/bin/rake:23
Started GET "/" for ::1 at 2019-04-03 19:44:47 -0300
  [1m[35m (0.4ms)[0m  [1m[34mSELECT "schema_migrations"."version" FROM "schema_migrations" ORDER BY "schema_migrations"."version" ASC[0m
  ↳ /home/javier/.rvm/gems/ruby-2.5.1/gems/activerecord-5.2.3/lib/active_record/log_subscriber.rb:98
Processing by Rails::WelcomeController#index as HTML
  Rendering /home/javier/.rvm/gems/ruby-2.5.1/gems/railties-5.2.3/lib/rails/templates/rails/welcome/index.html.erb
  Rendered /home/javier/.rvm/gems/ruby-2.5.1/gems/railties-5.2.3/lib/rails/templates/rails/welcome/index.html.erb (13.2ms)
Completed 200 OK in 62ms (Views: 38.8ms | ActiveRecord: 0.0ms)


  [1m[36mEventVenue Load (0.7ms)[0m  [1m[34mSELECT  "event_venues".* FROM "event_venues" WHERE "event_venues"."id" = ? LIMIT ?[0m  [["id", 1], ["LIMIT", 1]]
  [1m[35m (0.7ms)[0m  [1m[34mSELECT COUNT(*) FROM "events" WHERE "events"."event_venue_id" = ? AND "events"."start_date" = ?[0m  [["event_venue_id", 1], ["start_date", "2019-04-05"]]
  [1m[35m (0.2ms)[0m  [1m[36mbegin transaction[0m
  [1m[36mEventVenue Create (1.0ms)[0m  [1m[32mINSERT INTO "event_venues" ("id", "name", "address", "capacity", "created_at", "updated_at") VALUES (?, ?, ?, ?, ?, ?)[0m  [["id", 1], ["name", "aaaaaaaaaaaaaaaaaaaaaaaaa"], ["address", "chile"], ["capacity", 10000], ["created_at", "2019-04-04 01:38:07.627538"], ["updated_at", "2019-04-04 01:38:07.627538"]]
  [1m[35m (4.2ms)[0m  [1m[36mcommit transaction[0m
  [1m[36mEventVenue Load (0.7ms)[0m  [1m[34mSELECT  "event_venues".* FROM "event_venues" LIMIT ?[0m  [["LIMIT", 11]]
  [1m[36mEventVenue Load (0.3ms)[0m  [1m[34mSELECT  "event_venues".* FROM "event_venues" WHERE "event_venues"."id" = ? LIMIT ?[0m  [["id", 1], ["LIMIT", 1]]
  [1m[35m (0.4ms)[0m  [1m[34mSELECT COUNT(*) FROM "events" WHERE "events"."event_venue_id" = ? AND "events"."start_date" = ?[0m  [["event_venue_id", 1], ["start_date", "2019-04-05"]]
  [1m[35m (0.2ms)[0m  [1m[36mbegin transaction[0m
  [1m[36mEventVenue Load (0.2ms)[0m  [1m[34mSELECT  "event_venues".* FROM "event_venues" WHERE "event_venues"."id" = ? LIMIT ?[0m  [["id", 1], ["LIMIT", 1]]
  [1m[35m (0.4ms)[0m  [1m[34mSELECT COUNT(*) FROM "events" WHERE "events"."event_venue_id" = ? AND "events"."start_date" = ?[0m  [["event_venue_id", 1], ["start_date", "2019-04-05"]]
  [1m[36mEvent Create (0.9ms)[0m  [1m[32mINSERT INTO "events" ("id", "name", "description", "start_date", "event_venue_id", "created_at", "updated_at") VALUES (?, ?, ?, ?, ?, ?, ?)[0m  [["id", 1], ["name", "aaaaaaaaaaaaaaaaaaaa"], ["description", "sadfawf"], ["start_date", "2019-04-05"], ["event_venue_id", 1], ["created_at", "2019-04-04 01:39:05.104682"], ["updated_at", "2019-04-04 01:39:05.104682"]]
  [1m[35m (6.6ms)[0m  [1m[36mcommit transaction[0m
  [1m[36mEvent Load (0.5ms)[0m  [1m[34mSELECT  "events".* FROM "events" LIMIT ?[0m  [["LIMIT", 11]]
  [1m[36mEvent Load (0.4ms)[0m  [1m[34mSELECT  "events".* FROM "events" WHERE "events"."id" = ? LIMIT ?[0m  [["id", 1], ["LIMIT", 1]]
  [1m[36mTicketZone Load (0.4ms)[0m  [1m[34mSELECT  "ticket_zones".* FROM "ticket_zones" WHERE "ticket_zones"."id" = ? LIMIT ?[0m  [["id", 1], ["LIMIT", 1]]
  [1m[35m (0.2ms)[0m  [1m[36mbegin transaction[0m
  [1m[36mTicketZone Create (0.7ms)[0m  [1m[32mINSERT INTO "ticket_zones" ("id", "zone", "created_at", "updated_at") VALUES (?, ?, ?, ?)[0m  [["id", 1], ["zone", "Andes"], ["created_at", "2019-04-04 00:00:00"], ["updated_at", "2019-04-04 00:00:00"]]
  [1m[35m (7.4ms)[0m  [1m[36mcommit transaction[0m
  [1m[35m (0.1ms)[0m  [1m[36mbegin transaction[0m
  [1m[36mTicketZone Create (1.5ms)[0m  [1m[32mINSERT INTO "ticket_zones" ("id", "zone", "created_at", "updated_at") VALUES (?, ?, ?, ?)[0m  [["id", 1], ["zone", "Andes"], ["created_at", "2019-04-04 00:00:00"], ["updated_at", "2019-04-04 00:00:00"]]
  [1m[35m (0.1ms)[0m  [1m[31mrollback transaction[0m
  [1m[36mTicketZone Load (0.4ms)[0m  [1m[34mSELECT  "ticket_zones".* FROM "ticket_zones" LIMIT ?[0m  [["LIMIT", 11]]
  [1m[36mEvent Load (0.3ms)[0m  [1m[34mSELECT  "events".* FROM "events" WHERE "events"."id" = ? LIMIT ?[0m  [["id", 1], ["LIMIT", 1]]
  [1m[36mTicketZone Load (0.2ms)[0m  [1m[34mSELECT  "ticket_zones".* FROM "ticket_zones" WHERE "ticket_zones"."id" = ? LIMIT ?[0m  [["id", 1], ["LIMIT", 1]]
  [1m[35m (0.1ms)[0m  [1m[36mbegin transaction[0m
  [1m[36mTicketZone Create (2.0ms)[0m  [1m[32mINSERT INTO "ticket_zones" ("id", "zone", "created_at", "updated_at") VALUES (?, ?, ?, ?)[0m  [["id", 1], ["zone", "Andes"], ["created_at", "2019-04-04 00:00:00"], ["updated_at", "2019-04-04 00:00:00"]]
  [1m[35m (0.2ms)[0m  [1m[31mrollback transaction[0m
  [1m[35m (0.1ms)[0m  [1m[36mbegin transaction[0m
  [1m[36mEvent Load (0.2ms)[0m  [1m[34mSELECT  "events".* FROM "events" WHERE "events"."id" = ? LIMIT ?[0m  [["id", 1], ["LIMIT", 1]]
  [1m[36mTicketZone Load (0.2ms)[0m  [1m[34mSELECT  "ticket_zones".* FROM "ticket_zones" WHERE "ticket_zones"."id" = ? LIMIT ?[0m  [["id", 1], ["LIMIT", 1]]
  [1m[36mTicketType Create (0.8ms)[0m  [1m[32mINSERT INTO "ticket_types" ("id", "event_id", "price", "ticket_zone_id", "created_at", "updated_at") VALUES (?, ?, ?, ?, ?, ?)[0m  [["id", 1], ["event_id", 1], ["price", 75000], ["ticket_zone_id", 1], ["created_at", "2019-04-04 00:00:00"], ["updated_at", "2019-04-04 00:00:00"]]
  [1m[35m (5.2ms)[0m  [1m[36mcommit transaction[0m
  [1m[36mTicketType Load (0.8ms)[0m  [1m[34mSELECT  "ticket_types".* FROM "ticket_types" LIMIT ?[0m  [["LIMIT", 11]]
  [1m[35m (0.2ms)[0m  [1m[36mbegin transaction[0m
  [1m[35m (0.2ms)[0m  [1m[31mrollback transaction[0m
  [1m[35m (0.2ms)[0m  [1m[36mbegin transaction[0m
  [1m[36mTicketType Load (0.7ms)[0m  [1m[34mSELECT  "ticket_types".* FROM "ticket_types" WHERE "ticket_types"."id" = ? LIMIT ?[0m  [["id", 1], ["LIMIT", 1]]
  [1m[36mOrder Load (0.6ms)[0m  [1m[34mSELECT  "orders".* FROM "orders" WHERE "orders"."id" = ? LIMIT ?[0m  [["id", 1], ["LIMIT", 1]]
  [1m[35m (0.1ms)[0m  [1m[31mrollback transaction[0m
  [1m[35m (0.2ms)[0m  [1m[36mbegin transaction[0m
  [1m[36mTicketType Load (0.4ms)[0m  [1m[34mSELECT  "ticket_types".* FROM "ticket_types" WHERE "ticket_types"."id" = ? LIMIT ?[0m  [["id", 1], ["LIMIT", 1]]
  [1m[36mOrder Load (0.3ms)[0m  [1m[34mSELECT  "orders".* FROM "orders" WHERE "orders"."id" = ? LIMIT ?[0m  [["id", 1], ["LIMIT", 1]]
  [1m[35m (0.1ms)[0m  [1m[31mrollback transaction[0m
  [1m[35m (0.1ms)[0m  [1m[36mbegin transaction[0m
  [1m[36mTicketType Load (0.4ms)[0m  [1m[34mSELECT  "ticket_types".* FROM "ticket_types" WHERE "ticket_types"."id" = ? LIMIT ?[0m  [["id", 1], ["LIMIT", 1]]
  [1m[36mOrder Load (0.2ms)[0m  [1m[34mSELECT  "orders".* FROM "orders" WHERE "orders"."id" = ? LIMIT ?[0m  [["id", 1], ["LIMIT", 1]]
  [1m[35m (0.1ms)[0m  [1m[31mrollback transaction[0m
